SF:lib/business/graph_bloc/graph_state.dart
DA:3,1
DA:21,1
DA:22,2
DA:25,1
DA:33,0
DA:40,0
DA:41,0
DA:42,0
DA:43,0
DA:44,0
DA:45,0
DA:46,0
DA:49,0
DA:50,0
DA:51,0
DA:52,0
DA:53,0
DA:54,0
DA:55,0
DA:56,0
LF:20
LH:4
end_of_record
SF:lib/business/graph_bloc/graph_event.dart
DA:4,0
DA:5,0
DA:9,0
DA:10,0
DA:14,0
DA:15,0
DA:19,0
DA:20,0
DA:24,0
DA:25,0
DA:29,1
DA:30,1
DA:34,1
DA:35,1
DA:40,0
DA:41,0
DA:42,0
LF:17
LH:4
end_of_record
SF:lib/business/graph_bloc/graph_bloc.dart
DA:11,0
DA:12,1
DA:13,2
DA:20,2
DA:21,2
DA:22,2
DA:23,2
DA:24,2
DA:25,2
DA:26,1
DA:27,0
DA:30,0
DA:31,0
DA:32,0
DA:35,0
DA:36,0
DA:42,0
DA:43,0
DA:45,0
DA:46,0
DA:48,0
DA:50,0
DA:51,0
DA:56,0
DA:58,0
DA:61,0
DA:65,0
DA:66,0
DA:67,0
DA:68,0
DA:69,0
DA:71,0
DA:75,0
DA:76,0
DA:77,0
DA:78,0
DA:79,0
DA:80,0
DA:82,0
DA:84,0
LF:40
LH:9
end_of_record
SF:lib/data/standard_unit_rates/rate_data.dart
DA:9,0
DA:10,2
DA:11,2
DA:12,2
DA:13,5
DA:14,5
DA:15,3
DA:16,3
DA:19,0
DA:24,0
DA:25,0
DA:26,0
DA:27,0
DA:30,1
DA:31,2
DA:32,2
DA:33,3
DA:34,3
DA:37,0
DA:38,0
DA:39,0
DA:40,0
DA:41,0
DA:42,0
DA:46,0
DA:47,0
LF:26
LH:12
end_of_record
SF:lib/data/standard_unit_rates/standard_unit_rates.dart
DA:15,0
DA:16,0
DA:17,0
DA:18,2
DA:19,2
DA:20,0
DA:21,0
DA:23,1
DA:24,2
DA:25,2
DA:26,2
DA:27,2
DA:28,1
DA:29,1
DA:30,1
DA:33,1
DA:34,4
DA:35,3
DA:36,2
DA:37,6
DA:38,4
DA:41,6
DA:42,4
DA:45,1
DA:46,2
DA:48,5
DA:53,1
DA:55,4
DA:56,4
DA:57,1
DA:59,2
DA:64,0
DA:65,0
DA:66,0
DA:67,0
DA:68,0
DA:69,0
DA:73,0
DA:74,0
DA:75,0
DA:76,0
DA:77,0
DA:78,0
DA:79,0
DA:80,0
DA:81,0
LF:46
LH:26
end_of_record
SF:lib/main.dart
DA:7,0
DA:8,0
DA:12,1
DA:15,0
DA:17,0
DA:20,0
DA:21,0
DA:25,0
LF:8
LH:1
end_of_record
SF:lib/presentation/graph_screen/graph_screen.dart
DA:12,3
DA:14,1
DA:15,1
DA:25,0
DA:26,0
DA:27,0
DA:29,0
DA:32,3
DA:33,1
DA:34,1
DA:41,1
DA:43,1
DA:44,2
DA:45,3
DA:47,0
DA:48,0
DA:52,1
DA:54,3
DA:55,1
DA:58,1
DA:59,1
DA:60,2
DA:61,2
DA:63,1
DA:64,1
DA:65,1
DA:66,2
DA:74,0
DA:75,0
DA:76,0
DA:78,0
DA:82,1
DA:83,1
DA:84,1
DA:85,1
DA:87,1
DA:88,1
DA:89,4
DA:90,0
DA:91,0
DA:92,0
DA:100,0
DA:104,0
DA:108,1
DA:109,1
DA:110,1
DA:112,1
DA:113,1
DA:114,1
DA:118,1
DA:124,1
DA:130,1
DA:131,1
DA:140,1
DA:141,1
DA:143,1
DA:144,1
DA:145,1
DA:146,2
DA:147,1
DA:148,3
DA:153,1
DA:154,1
DA:155,1
DA:157,1
DA:158,1
DA:159,3
DA:160,3
DA:164,1
DA:165,0
DA:166,0
DA:167,1
DA:168,2
DA:169,1
DA:170,3
DA:171,3
DA:174,4
DA:181,1
DA:182,1
DA:184,4
DA:188,1
DA:190,4
DA:192,4
DA:195,7
DA:196,5
DA:198,2
DA:199,6
DA:203,1
DA:206,1
DA:209,0
DA:210,0
DA:211,1
DA:212,3
DA:213,1
DA:218,4
DA:225,1
DA:226,5
DA:227,6
DA:228,1
DA:229,1
DA:231,1
DA:234,1
DA:237,1
DA:238,1
DA:240,2
DA:241,1
DA:242,3
DA:243,1
DA:245,2
DA:246,1
DA:247,3
DA:248,3
DA:255,1
DA:256,1
DA:257,1
DA:260,1
DA:261,1
DA:263,1
DA:265,4
DA:271,1
DA:272,1
DA:274,1
DA:276,4
LF:123
LH:104
end_of_record
SF:lib/presentation/graph_screen/bar_graph.dart
DA:4,2
DA:6,1
DA:7,1
DA:14,1
DA:16,1
DA:17,3
DA:20,1
DA:22,1
DA:23,1
DA:24,1
DA:26,3
DA:27,0
DA:28,0
DA:34,1
DA:35,1
DA:36,1
DA:38,1
DA:39,1
DA:40,1
DA:42,1
DA:43,1
DA:45,1
DA:50,1
DA:51,1
DA:53,2
DA:54,1
DA:59,1
DA:62,1
DA:63,1
DA:67,0
DA:69,0
DA:70,0
DA:71,0
DA:72,0
DA:73,0
DA:74,0
DA:75,0
DA:81,0
DA:82,0
DA:83,0
DA:94,0
DA:95,0
DA:97,0
DA:100,0
DA:101,0
DA:104,1
DA:106,7
DA:107,5
DA:108,3
DA:110,0
DA:111,0
DA:113,2
DA:114,4
DA:115,3
DA:116,6
DA:117,1
DA:118,1
DA:119,1
DA:120,6
DA:121,2
DA:124,1
DA:126,1
DA:127,1
DA:128,1
DA:138,1
DA:141,1
LF:66
LH:46
end_of_record
SF:lib/business/api_helper.dart
DA:8,0
DA:10,0
DA:13,0
DA:14,0
DA:18,0
DA:20,0
DA:25,0
DA:26,0
DA:27,0
DA:28,0
DA:29,0
DA:31,0
DA:33,0
LF:13
LH:0
end_of_record
SF:lib/business/rates_api.dart
DA:7,0
DA:9,0
DA:12,0
DA:13,0
DA:15,0
LF:5
LH:0
end_of_record
SF:lib/data/static/custom_colors.dart
DA:5,3
LF:1
LH:1
end_of_record
